#
# There is insufficient memory for the Java Runtime Environment to continue.
# Native memory allocation (mmap) failed to map 2097152 bytes. Error detail: G1 virtual space
# Possible reasons:
#   The system is out of physical RAM or swap space
#   This process is running with CompressedOops enabled, and the Java Heap may be blocking the growth of the native heap
# Possible solutions:
#   Reduce memory load on the system
#   Increase physical memory or swap space
#   Check if swap backing store is full
#   Decrease Java heap size (-Xmx/-Xms)
#   Decrease number of Java threads
#   Decrease Java thread stack sizes (-Xss)
#   Set larger code cache with -XX:ReservedCodeCacheSize=
#   JVM is running with Zero Based Compressed Oops mode in which the Java heap is
#     placed in the first 32GB address space. The Java Heap base address is the
#     maximum limit for the native heap growth. Please use -XX:HeapBaseMinAddress
#     to set the Java Heap base and to place the Java Heap above 32GB virtual address.
# This output file may be truncated or incomplete.
#
#  Out of Memory Error (os_windows.cpp:3898), pid=7916, tid=560
#
# JRE version: OpenJDK Runtime Environment (21.0.6) (build 21.0.6+-13368085-b895.109)
# Java VM: OpenJDK 64-Bit Server VM (21.0.6+-13368085-b895.109, mixed mode, tiered, compressed oops, compressed class ptrs, g1 gc, windows-amd64)
# No core dump will be written. Minidumps are not enabled by default on client versions of Windows
#

---------------  S U M M A R Y ------------

Command Line: --add-opens=java.base/java.lang=ALL-UNNAMED --add-opens=java.base/java.lang.invoke=ALL-UNNAMED --add-opens=java.base/java.util=ALL-UNNAMED --add-opens=java.prefs/java.util.prefs=ALL-UNNAMED --add-exports=jdk.compiler/com.sun.tools.javac.api=ALL-UNNAMED --add-exports=jdk.compiler/com.sun.tools.javac.util=ALL-UNNAMED --add-opens=java.base/java.util=ALL-UNNAMED --add-opens=java.prefs/java.util.prefs=ALL-UNNAMED --add-opens=java.base/java.nio.charset=ALL-UNNAMED --add-opens=java.base/java.net=ALL-UNNAMED --add-opens=java.base/java.util.concurrent.atomic=ALL-UNNAMED --add-opens=java.xml/javax.xml.namespace=ALL-UNNAMED -XX:+UseG1GC -Xmx4096m -Dfile.encoding=UTF-8 -Duser.country=US -Duser.language=en -Duser.variant -javaagent:C:\Users\Sani\.gradle\wrapper\dists\gradle-8.11.1-bin\bpt9gzteqjrbo1mjrsomdt32c\gradle-8.11.1\lib\agents\gradle-instrumentation-agent-8.11.1.jar org.gradle.launcher.daemon.bootstrap.GradleDaemon 8.11.1

Host: Intel(R) Core(TM) i7-4600M CPU @ 2.90GHz, 4 cores, 7G,  Windows 10 , 64 bit Build 19041 (10.0.19041.5072)
Time: Sat Sep 27 12:04:45 2025 SE Asia Standard Time elapsed time: 2550.357484 seconds (0d 0h 42m 30s)

---------------  T H R E A D  ---------------

Current thread (0x000001fa8dc0e060):  JavaThread "Daemon worker Thread 6"        [_thread_in_vm, id=560, stack(0x0000009f3a400000,0x0000009f3a500000) (1024K)]

Stack: [0x0000009f3a400000,0x0000009f3a500000]
Native frames: (J=compiled Java code, j=interpreted, Vv=VM code, C=native code)
V  [jvm.dll+0x6d0639]
V  [jvm.dll+0x85eb03]
V  [jvm.dll+0x86105e]
V  [jvm.dll+0x861743]
V  [jvm.dll+0x27e6e6]
V  [jvm.dll+0x6ccfd5]
V  [jvm.dll+0x6c0a8a]
V  [jvm.dll+0x35537b]
V  [jvm.dll+0x35cfd6]
V  [jvm.dll+0x3aec8b]
V  [jvm.dll+0x3af344]
V  [jvm.dll+0x3aee96]
V  [jvm.dll+0x327e64]
V  [jvm.dll+0x32602f]
V  [jvm.dll+0x6622b0]
V  [jvm.dll+0x23eda2]
V  [jvm.dll+0x8230d7]
V  [jvm.dll+0x72d149]
C  0x000001fae8403629

The last pc belongs to _new_array_nozero_Java (printed below).
Java frames: (J=compiled Java code, j=interpreted, Vv=VM code)
v  ~RuntimeStub::_new_array_nozero_Java 0x000001fae8403629
J 2541 c2 java.util.Arrays.copyOf([BI)[B java.base@21.0.6 (33 bytes) @ 0x000001fae89bd0d0 [0x000001fae89bce40+0x0000000000000290]
J 84269 c2 kotlin.io.ByteStreamsKt.copyTo(Ljava/io/InputStream;Ljava/io/OutputStream;I)J (60 bytes) @ 0x000001fae9a98ea8 [0x000001fae9a984a0+0x0000000000000a08]
J 85557 c2 com.android.tools.build.jetifier.processor.archive.Archive$Builder.extractFile(Ljava/util/zip/ZipInputStream;Ljava/nio/file/Path;Ljava/nio/file/attribute/FileTime;)Lcom/android/tools/build/jetifier/processor/archive/ArchiveFile; (39 bytes) @ 0x000001faea364d0c [0x000001faea364b40+0x00000000000001cc]
J 85584 c1 com.android.tools.build.jetifier.processor.archive.Archive$Builder.extractArchive(Ljava/io/InputStream;Ljava/nio/file/Path;ZLjava/nio/file/attribute/FileTime;)Lcom/android/tools/build/jetifier/processor/archive/Archive; (187 bytes) @ 0x000001fae14f7334 [0x000001fae14f6920+0x0000000000000a14]
j  com.android.tools.build.jetifier.processor.archive.Archive$Builder.extract(Ljava/io/File;Z)Lcom/android/tools/build/jetifier/processor/archive/Archive;+94
j  com.android.tools.build.jetifier.processor.archive.Archive$Builder.extract$default(Lcom/android/tools/build/jetifier/processor/archive/Archive$Builder;Ljava/io/File;ZILjava/lang/Object;)Lcom/android/tools/build/jetifier/processor/archive/Archive;+11
j  com.android.tools.build.jetifier.processor.Processor.loadLibraries(Ljava/lang/Iterable;)Ljava/util/Set;+98
j  com.android.tools.build.jetifier.processor.Processor.transform2(Ljava/util/Set;ZZ)Lcom/android/tools/build/jetifier/processor/TransformationResult;+372
j  com.android.build.gradle.internal.dependency.JetifyTransform.transform(Lorg/gradle/api/artifacts/transform/TransformOutputs;)V+369
J 80182 c1 org.gradle.api.internal.artifacts.transform.DefaultTransform.transform(Lorg/gradle/api/provider/Provider;Ljava/io/File;Lorg/gradle/api/internal/artifacts/transform/TransformDependencies;Lorg/gradle/work/InputChanges;)Lorg/gradle/api/internal/artifacts/transform/TransformExecutionResult; (53 bytes) @ 0x000001fae425ceac [0x000001fae425ca20+0x000000000000048c]
J 80181 c1 org.gradle.api.internal.artifacts.transform.AbstractTransformExecution$2.call(Lorg/gradle/internal/operations/BuildOperationContext;)Lorg/gradle/api/internal/artifacts/transform/TransformExecutionResult; (110 bytes) @ 0x000001fae3c1bc7c [0x000001fae3c1b460+0x000000000000081c]
J 80180 c1 org.gradle.api.internal.artifacts.transform.AbstractTransformExecution$2.call(Lorg/gradle/internal/operations/BuildOperationContext;)Ljava/lang/Object; (6 bytes) @ 0x000001fae5487ed4 [0x000001fae5487e40+0x0000000000000094]
J 23391 c2 org.gradle.internal.operations.DefaultBuildOperationRunner$CallableBuildOperationWorker.execute(Lorg/gradle/internal/operations/BuildOperation;Lorg/gradle/internal/operations/BuildOperationContext;)V (10 bytes) @ 0x000001faea0ac210 [0x000001faea0ac0c0+0x0000000000000150]
J 77189 c2 org.gradle.internal.operations.DefaultBuildOperationRunner$2.execute(Lorg/gradle/internal/operations/BuildOperationDescriptor;Lorg/gradle/internal/operations/BuildOperationState;Lorg/gradle/internal/operations/BuildOperationState;Lorg/gradle/internal/operations/DefaultBuildOperationRunner$ReadableBuildOperationContext;Lorg/gradle/internal/operations/DefaultBuildOperationRunner$BuildOperationExecutionListener;)Ljava/lang/Object; (12 bytes) @ 0x000001fae9c09d24 [0x000001fae9c09c80+0x00000000000000a4]
J 35327 c2 org.gradle.internal.operations.DefaultBuildOperationRunner.execute(Lorg/gradle/internal/operations/BuildOperationDescriptor$Builder;Lorg/gradle/internal/operations/BuildOperationState;Lorg/gradle/internal/operations/DefaultBuildOperationRunner$BuildOperationExecution;)Ljava/lang/Object; (147 bytes) @ 0x000001faeac08354 [0x000001faeac07b80+0x00000000000007d4]
J 64492 c2 org.gradle.internal.operations.DefaultBuildOperationRunner.call(Lorg/gradle/internal/operations/CallableBuildOperation;)Ljava/lang/Object; (24 bytes) @ 0x000001faeb052264 [0x000001faeb052080+0x00000000000001e4]
J 80756 c1 org.gradle.api.internal.artifacts.transform.AbstractTransformExecution.executeWithinTransformerListener(Lorg/gradle/internal/execution/UnitOfWork$ExecutionRequest;)Lorg/gradle/internal/execution/UnitOfWork$WorkOutput; (32 bytes) @ 0x000001fae6286a3c [0x000001fae62868e0+0x000000000000015c]
J 80177 c1 org.gradle.api.internal.artifacts.transform.AbstractTransformExecution.execute(Lorg/gradle/internal/execution/UnitOfWork$ExecutionRequest;)Lorg/gradle/internal/execution/UnitOfWork$WorkOutput; (62 bytes) @ 0x000001fae19bdce4 [0x000001fae19bdb80+0x0000000000000164]
J 80347 c1 org.gradle.internal.execution.steps.ExecuteStep.executeInternal(Lorg/gradle/internal/execution/UnitOfWork;Lorg/gradle/internal/execution/steps/InputChangesContext;)Lorg/gradle/internal/execution/steps/Result; (78 bytes) @ 0x000001fae16a665c [0x000001fae16a61e0+0x000000000000047c]
J 64210 c1 org.gradle.internal.execution.steps.ExecuteStep$1.call(Lorg/gradle/internal/operations/BuildOperationContext;)Ljava/lang/Object; (6 bytes) @ 0x000001fae26f0a7c [0x000001fae26f0960+0x000000000000011c]
J 23391 c2 org.gradle.internal.operations.DefaultBuildOperationRunner$CallableBuildOperationWorker.execute(Lorg/gradle/internal/operations/BuildOperation;Lorg/gradle/internal/operations/BuildOperationContext;)V (10 bytes) @ 0x000001faea0ac210 [0x000001faea0ac0c0+0x0000000000000150]
J 77189 c2 org.gradle.internal.operations.DefaultBuildOperationRunner$2.execute(Lorg/gradle/internal/operations/BuildOperationDescriptor;Lorg/gradle/internal/operations/BuildOperationState;Lorg/gradle/internal/operations/BuildOperationState;Lorg/gradle/internal/operations/DefaultBuildOperationRunner$ReadableBuildOperationContext;Lorg/gradle/internal/operations/DefaultBuildOperationRunner$BuildOperationExecutionListener;)Ljava/lang/Object; (12 bytes) @ 0x000001fae9c09d24 [0x000001fae9c09c80+0x00000000000000a4]
J 35327 c2 org.gradle.internal.operations.DefaultBuildOperationRunner.execute(Lorg/gradle/internal/operations/BuildOperationDescriptor$Builder;Lorg/gradle/internal/operations/BuildOperationState;Lorg/gradle/internal/operations/DefaultBuildOperationRunner$BuildOperationExecution;)Ljava/lang/Object; (147 bytes) @ 0x000001faeac08354 [0x000001faeac07b80+0x00000000000007d4]
J 64492 c2 org.gradle.internal.operations.DefaultBuildOperationRunner.call(Lorg/gradle/internal/operations/CallableBuildOperation;)Ljava/lang/Object; (24 bytes) @ 0x000001faeb052264 [0x000001faeb052080+0x00000000000001e4]
J 64206 c1 org.gradle.internal.execution.steps.ExecuteStep.execute(Lorg/gradle/internal/execution/UnitOfWork;Lorg/gradle/internal/execution/steps/ChangingOutputsContext;)Lorg/gradle/internal/execution/steps/Result; (37 bytes) @ 0x000001fae260f844 [0x000001fae260f500+0x0000000000000344]
J 24264 c1 org.gradle.internal.execution.steps.ExecuteStep.execute(Lorg/gradle/internal/execution/UnitOfWork;Lorg/gradle/internal/execution/steps/Context;)Lorg/gradle/internal/execution/steps/Result; (10 bytes) @ 0x000001fae16dff3c [0x000001fae16dfdc0+0x000000000000017c]
J 24263 c1 org.gradle.internal.execution.steps.CancelExecutionStep.execute(Lorg/gradle/internal/execution/UnitOfWork;Lorg/gradle/internal/execution/steps/Context;)Lorg/gradle/internal/execution/steps/Result; (168 bytes) @ 0x000001fae17d4744 [0x000001fae17d4100+0x0000000000000644]
J 64263 c1 org.gradle.internal.execution.steps.TimeoutStep.execute(Lorg/gradle/internal/execution/UnitOfWork;Lorg/gradle/internal/execution/steps/Context;)Lorg/gradle/internal/execution/steps/Result; (96 bytes) @ 0x000001fae252aff4 [0x000001fae252a5e0+0x0000000000000a14]
J 80344 c1 org.gradle.internal.execution.steps.PreCreateOutputParentsStep.execute(Lorg/gradle/internal/execution/UnitOfWork;Lorg/gradle/internal/execution/steps/ChangingOutputsContext;)Lorg/gradle/internal/execution/steps/Result; (30 bytes) @ 0x000001fae1011fdc [0x000001fae1011c60+0x000000000000037c]
J 80343 c1 org.gradle.internal.execution.steps.PreCreateOutputParentsStep.execute(Lorg/gradle/internal/execution/UnitOfWork;Lorg/gradle/internal/execution/steps/Context;)Lorg/gradle/internal/execution/steps/Result; (10 bytes) @ 0x000001fae10128ac [0x000001fae1012740+0x000000000000016c]
J 64204 c1 org.gradle.internal.execution.steps.BroadcastChangingOutputsStep.execute(Lorg/gradle/internal/execution/UnitOfWork;Lorg/gradle/internal/execution/steps/InputChangesContext;)Lorg/gradle/internal/execution/steps/Result; (90 bytes) @ 0x000001fae2f5c22c [0x000001fae2f5afe0+0x000000000000124c]
J 64203 c1 org.gradle.internal.execution.steps.BroadcastChangingOutputsStep.execute(Lorg/gradle/internal/execution/UnitOfWork;Lorg/gradle/internal/execution/steps/Context;)Lorg/gradle/internal/execution/steps/Result; (10 bytes) @ 0x000001fae1f19dbc [0x000001fae1f19c40+0x000000000000017c]
J 80736 c1 org.gradle.internal.execution.steps.NoInputChangesStep.execute(Lorg/gradle/internal/execution/UnitOfWork;Lorg/gradle/internal/execution/steps/ValidationFinishedContext;)Lorg/gradle/internal/execution/steps/Result; (29 bytes) @ 0x000001fae6280464 [0x000001fae62800a0+0x00000000000003c4]
J 80735 c1 org.gradle.internal.execution.steps.NoInputChangesStep.execute(Lorg/gradle/internal/execution/UnitOfWork;Lorg/gradle/internal/execution/steps/Context;)Lorg/gradle/internal/execution/steps/Result; (10 bytes) @ 0x000001fae627fcd4 [0x000001fae627fc40+0x0000000000000094]
J 64202 c1 org.gradle.internal.execution.steps.CaptureOutputsAfterExecutionStep.execute(Lorg/gradle/internal/execution/UnitOfWork;Lorg/gradle/internal/execution/steps/WorkspaceContext;)Lorg/gradle/internal/execution/steps/AfterExecutionResult; (56 bytes) @ 0x000001fae25560bc [0x000001fae2555f80+0x000000000000013c]
J 64201 c1 org.gradle.internal.execution.steps.CaptureOutputsAfterExecutionStep.execute(Lorg/gradle/internal/execution/UnitOfWork;Lorg/gradle/internal/execution/steps/Context;)Lorg/gradle/internal/execution/steps/Result; (10 bytes) @ 0x000001fae1e877bc [0x000001fae1e87640+0x000000000000017c]
J 64200 c1 org.gradle.internal.execution.steps.BuildCacheStep.executeWithoutCache(Lorg/gradle/internal/execution/UnitOfWork;Lorg/gradle/internal/execution/steps/WorkspaceContext;)Lorg/gradle/internal/execution/steps/AfterExecutionResult; (15 bytes) @ 0x000001fae22f69d4 [0x000001fae22f68c0+0x0000000000000114]
j  org.gradle.internal.execution.steps.BuildCacheStep.executeAndStoreInCache(Lorg/gradle/internal/execution/steps/BuildCacheStep$CacheableWork;Lorg/gradle/caching/BuildCacheKey;Lorg/gradle/internal/execution/steps/WorkspaceContext;)Lorg/gradle/internal/execution/steps/AfterExecutionResult;+37
J 85375 c1 org.gradle.internal.execution.steps.BuildCacheStep$$Lambda+0x0000000800aeafc8.get()Ljava/lang/Object; (20 bytes) @ 0x000001fae0f01c24 [0x000001fae0f01b40+0x00000000000000e4]
J 64172 c2 java.util.Optional.orElseGet(Ljava/util/function/Supplier;)Ljava/lang/Object; java.base@21.0.6 (21 bytes) @ 0x000001faea84ae78 [0x000001faea84ae20+0x0000000000000058]
j  org.gradle.internal.execution.steps.BuildCacheStep.lambda$executeWithCache$5(Lorg/gradle/internal/execution/UnitOfWork;Lorg/gradle/caching/BuildCacheKey;Lorg/gradle/internal/execution/steps/WorkspaceContext;Lorg/gradle/internal/execution/steps/BuildCacheStep$CacheableWork;Ljava/util/Optional;)Lorg/gradle/internal/execution/steps/AfterExecutionResult;+24
j  org.gradle.internal.execution.steps.BuildCacheStep$$Lambda+0x0000000800aeab18.apply(Ljava/lang/Object;)Ljava/lang/Object;+24
J 33215 c2 org.gradle.internal.Try$Success.map(Ljava/util/function/Function;)Lorg/gradle/internal/Try; (14 bytes) @ 0x000001faeaa3e578 [0x000001faeaa3e520+0x0000000000000058]
j  org.gradle.internal.execution.steps.BuildCacheStep.executeWithCache(Lorg/gradle/internal/execution/UnitOfWork;Lorg/gradle/internal/execution/steps/WorkspaceContext;Lorg/gradle/caching/BuildCacheKey;)Lorg/gradle/internal/execution/steps/AfterExecutionResult;+47
J 72599 c1 org.gradle.internal.execution.steps.BuildCacheStep$$Lambda+0x0000000800add920.apply(Ljava/lang/Object;)Ljava/lang/Object; (20 bytes) @ 0x000001fae5cfb80c [0x000001fae5cfb5e0+0x000000000000022c]
J 24417 c1 org.gradle.internal.Either$Left.fold(Ljava/util/function/Function;Ljava/util/function/Function;)Ljava/lang/Object; (11 bytes) @ 0x000001fae1399fdc [0x000001fae1399ec0+0x000000000000011c]
J 80249 c1 org.gradle.internal.execution.steps.BuildCacheStep.execute(Lorg/gradle/internal/execution/UnitOfWork;Lorg/gradle/internal/execution/steps/WorkspaceContext;)Lorg/gradle/internal/execution/steps/AfterExecutionResult; (32 bytes) @ 0x000001fae53264ec [0x000001fae5325a40+0x0000000000000aac]
J 58239 c1 org.gradle.internal.execution.steps.BuildCacheStep.execute(Lorg/gradle/internal/execution/UnitOfWork;Lorg/gradle/internal/execution/steps/Context;)Lorg/gradle/internal/execution/steps/Result; (10 bytes) @ 0x000001fae2fca4d4 [0x000001fae2fca440+0x0000000000000094]
J 80739 c1 org.gradle.internal.execution.steps.NeverUpToDateStep.execute(Lorg/gradle/internal/execution/UnitOfWork;Lorg/gradle/internal/execution/steps/NonIncrementalCachingContext;)Lorg/gradle/internal/execution/steps/UpToDateResult; (27 bytes) @ 0x000001fae62819d4 [0x000001fae6281960+0x0000000000000074]
J 80033 c1 org.gradle.internal.execution.steps.NeverUpToDateStep.execute(Lorg/gradle/internal/execution/UnitOfWork;Lorg/gradle/internal/execution/steps/Context;)Lorg/gradle/internal/execution/steps/Result; (10 bytes) @ 0x000001fae518893c [0x000001fae51887c0+0x000000000000017c]
J 64726 c1 org.gradle.internal.execution.steps.legacy.MarkSnapshottingInputsFinishedStep.execute(Lorg/gradle/internal/execution/UnitOfWork;Lorg/gradle/internal/execution/steps/Context;)Lorg/gradle/internal/execution/steps/Result; (10 bytes) @ 0x000001fae40ba864 [0x000001fae40ba480+0x00000000000003e4]
J 80031 c1 org.gradle.internal.execution.steps.ResolveNonIncrementalCachingStateStep.executeDelegate(Lorg/gradle/internal/execution/UnitOfWork;Lorg/gradle/internal/execution/steps/ValidationFinishedContext;Lorg/gradle/internal/execution/caching/CachingState;)Lorg/gradle/internal/execution/steps/UpToDateResult; (23 bytes) @ 0x000001fae3d73fb4 [0x000001fae3d73580+0x0000000000000a34]
J 29596 c1 org.gradle.internal.execution.steps.AbstractResolveCachingStateStep.execute(Lorg/gradle/internal/execution/UnitOfWork;Lorg/gradle/internal/execution/steps/ValidationFinishedContext;)Lorg/gradle/internal/execution/steps/CachingResult; (67 bytes) @ 0x000001fae28d86bc [0x000001fae28d6b20+0x0000000000001b9c]
J 29595 c1 org.gradle.internal.execution.steps.AbstractResolveCachingStateStep.execute(Lorg/gradle/internal/execution/UnitOfWork;Lorg/gradle/internal/execution/steps/Context;)Lorg/gradle/internal/execution/steps/Result; (10 bytes) @ 0x000001fae22c3924 [0x000001fae22c3740+0x00000000000001e4]
J 64718 c1 org.gradle.internal.execution.steps.ValidateStep.execute(Lorg/gradle/internal/execution/UnitOfWork;Lorg/gradle/internal/execution/steps/BeforeExecutionContext;)Lorg/gradle/internal/execution/steps/Result; (261 bytes) @ 0x000001fae350c0dc [0x000001fae3508860+0x000000000000387c]
J 29580 c1 org.gradle.internal.execution.steps.ValidateStep.execute(Lorg/gradle/internal/execution/UnitOfWork;Lorg/gradle/internal/execution/steps/Context;)Lorg/gradle/internal/execution/steps/Result; (10 bytes) @ 0x000001fae22c54bc [0x000001fae22c5340+0x000000000000017c]
J 24006 c1 org.gradle.internal.execution.steps.AbstractCaptureStateBeforeExecutionStep.execute(Lorg/gradle/internal/execution/UnitOfWork;Lorg/gradle/internal/execution/steps/PreviousExecutionContext;)Lorg/gradle/internal/execution/steps/CachingResult; (41 bytes) @ 0x000001fae163ab9c [0x000001fae163a360+0x000000000000083c]
J 24005 c1 org.gradle.internal.execution.steps.AbstractCaptureStateBeforeExecutionStep.execute(Lorg/gradle/internal/execution/UnitOfWork;Lorg/gradle/internal/execution/steps/Context;)Lorg/gradle/internal/execution/steps/Result; (10 bytes) @ 0x000001fae15a29a4 [0x000001fae15a27c0+0x00000000000001e4]
J 23969 c1 org.gradle.internal.execution.steps.legacy.MarkSnapshottingInputsStartedStep.execute(Lorg/gradle/internal/execution/UnitOfWork;Lorg/gradle/internal/execution/steps/Context;)Lorg/gradle/internal/execution/steps/Result; (37 bytes) @ 0x000001fae11ed8e4 [0x000001fae11ed700+0x00000000000001e4]
J 80028 c1 org.gradle.internal.execution.steps.AssignImmutableWorkspaceStep.lambda$executeInTemporaryWorkspace$3(Lorg/gradle/internal/execution/steps/IdentityContext;Lorg/gradle/internal/execution/UnitOfWork;Lorg/gradle/internal/execution/workspace/ImmutableWorkspaceProvider$ImmutableWorkspace;Ljava/io/File;)Lorg/gradle/internal/execution/steps/WorkspaceResult; (158 bytes) @ 0x000001fae162f9cc [0x000001fae162e4c0+0x000000000000150c]
J 78582 c1 org.gradle.internal.execution.steps.AssignImmutableWorkspaceStep$$Lambda+0x0000000800ae8458.executeInTemporaryWorkspace(Ljava/io/File;)Ljava/lang/Object; (21 bytes) @ 0x000001fae2b2c06c [0x000001fae2b2bfc0+0x00000000000000ac]
J 24286 c1 org.gradle.internal.execution.workspace.impl.CacheBasedImmutableWorkspaceProvider$1.withTemporaryWorkspace(Lorg/gradle/internal/execution/workspace/ImmutableWorkspaceProvider$ImmutableWorkspace$TemporaryWorkspaceAction;)Ljava/lang/Object; (53 bytes) @ 0x000001fae146bbd4 [0x000001fae146b620+0x00000000000005b4]
J 78581 c1 org.gradle.internal.execution.steps.AssignImmutableWorkspaceStep.executeInTemporaryWorkspace(Lorg/gradle/internal/execution/UnitOfWork;Lorg/gradle/internal/execution/steps/IdentityContext;Lorg/gradle/internal/execution/workspace/ImmutableWorkspaceProvider$ImmutableWorkspace;)Lorg/gradle/internal/execution/steps/WorkspaceResult; (19 bytes) @ 0x000001fae3e786c4 [0x000001fae3e781c0+0x0000000000000504]
J 78580 c1 org.gradle.internal.execution.steps.AssignImmutableWorkspaceStep.lambda$execute$0(Lorg/gradle/internal/execution/UnitOfWork;Lorg/gradle/internal/execution/steps/IdentityContext;Lorg/gradle/internal/execution/workspace/ImmutableWorkspaceProvider$ImmutableWorkspace;)Lorg/gradle/internal/execution/steps/WorkspaceResult; (8 bytes) @ 0x000001fae1cab2bc [0x000001fae1cab240+0x000000000000007c]
J 65839 c2 org.gradle.internal.execution.steps.ChoosePipelineStep.execute(Lorg/gradle/internal/execution/UnitOfWork;Lorg/gradle/internal/execution/steps/Context;)Lorg/gradle/internal/execution/steps/Result; (10 bytes) @ 0x000001faeb2a83a8 [0x000001faeb2a6f00+0x00000000000014a8]
j  org.gradle.internal.execution.steps.ExecuteWorkBuildOperationFiringStep.lambda$execute$0(Lorg/gradle/internal/execution/UnitOfWork;Lorg/gradle/internal/execution/steps/IdentityContext;Lorg/gradle/internal/operations/BuildOperationContext;)Lorg/gradle/internal/execution/steps/CachingResult;+6
j  org.gradle.internal.execution.steps.ExecuteWorkBuildOperationFiringStep$$Lambda+0x0000000800a9b8f8.apply(Ljava/lang/Object;)Ljava/lang/Object;+16
J 23391 c2 org.gradle.internal.operations.DefaultBuildOperationRunner$CallableBuildOperationWorker.execute(Lorg/gradle/internal/operations/BuildOperation;Lorg/gradle/internal/operations/BuildOperationContext;)V (10 bytes) @ 0x000001faea0ac158 [0x000001faea0ac0c0+0x0000000000000098]
J 77189 c2 org.gradle.internal.operations.DefaultBuildOperationRunner$2.execute(Lorg/gradle/internal/operations/BuildOperationDescriptor;Lorg/gradle/internal/operations/BuildOperationState;Lorg/gradle/internal/operations/BuildOperationState;Lorg/gradle/internal/operations/DefaultBuildOperationRunner$ReadableBuildOperationContext;Lorg/gradle/internal/operations/DefaultBuildOperationRunner$BuildOperationExecutionListener;)Ljava/lang/Object; (12 bytes) @ 0x000001fae9c09d24 [0x000001fae9c09c80+0x00000000000000a4]
J 35327 c2 org.gradle.internal.operations.DefaultBuildOperationRunner.execute(Lorg/gradle/internal/operations/BuildOperationDescriptor$Builder;Lorg/gradle/internal/operations/BuildOperationState;Lorg/gradle/internal/operations/DefaultBuildOperationRunner$BuildOperationExecution;)Ljava/lang/Object; (147 bytes) @ 0x000001faeac08354 [0x000001faeac07b80+0x00000000000007d4]
J 64492 c2 org.gradle.internal.operations.DefaultBuildOperationRunner.call(Lorg/gradle/internal/operations/CallableBuildOperation;)Ljava/lang/Object; (24 bytes) @ 0x000001faeb052264 [0x000001faeb052080+0x00000000000001e4]
J 25962 c2 org.gradle.internal.execution.steps.BuildOperationStep.operation(Ljava/util/function/Function;Lorg/gradle/internal/operations/BuildOperationDescriptor$Builder;)Ljava/lang/Object; (20 bytes) @ 0x000001faea399380 [0x000001faea3992c0+0x00000000000000c0]
J 8508 c1 org.gradle.internal.execution.steps.ExecuteWorkBuildOperationFiringStep.lambda$execute$1(Lorg/gradle/internal/execution/UnitOfWork;Lorg/gradle/internal/execution/steps/IdentityContext;Ljava/lang/String;)Lorg/gradle/internal/execution/steps/CachingResult; (41 bytes) @ 0x000001fae1813494 [0x000001fae1812a20+0x0000000000000a74]
J 8516 c1 org.gradle.internal.execution.steps.ExecuteWorkBuildOperationFiringStep$$Lambda+0x0000000800a49440.apply(Ljava/lang/Object;)Ljava/lang/Object; (20 bytes) @ 0x000001fae15166d4 [0x000001fae1516540+0x0000000000000194]
J 8496 c1 org.gradle.internal.execution.steps.ExecuteWorkBuildOperationFiringStep.execute(Lorg/gradle/internal/execution/UnitOfWork;Lorg/gradle/internal/execution/steps/Context;)Lorg/gradle/internal/execution/steps/Result; (10 bytes) @ 0x000001fae1817ac4 [0x000001fae18171c0+0x0000000000000904]
J 8497 c1 org.gradle.internal.execution.steps.IdentityCacheStep.execute(Lorg/gradle/internal/execution/UnitOfWork;Lorg/gradle/internal/execution/steps/IdentityContext;)Lorg/gradle/internal/execution/steps/WorkspaceResult; (15 bytes) @ 0x000001fae15092d4 [0x000001fae15091c0+0x0000000000000114]
j  org.gradle.internal.execution.steps.IdentityCacheStep.executeInCache(Lorg/gradle/internal/execution/UnitOfWork;Lorg/gradle/internal/execution/steps/IdentityContext;)Lorg/gradle/internal/execution/ExecutionEngine$IdentityCacheResult;+3
J 65862 c2 org.gradle.internal.execution.steps.IdentityCacheStep$$Lambda+0x0000000800a9b250.get()Ljava/lang/Object; (16 bytes) @ 0x000001faeb2c6784 [0x000001faeb2c6720+0x0000000000000064]
J 64807 c2 org.gradle.cache.Cache$$Lambda+0x00000008001d9070.apply(Ljava/lang/Object;)Ljava/lang/Object; (9 bytes) @ 0x000001faeb0cd9f4 [0x000001faeb0cd9a0+0x0000000000000054]
J 35457 c2 java.util.concurrent.ConcurrentHashMap.computeIfAbsent(Ljava/lang/Object;Ljava/util/function/Function;)Ljava/lang/Object; java.base@21.0.6 (576 bytes) @ 0x000001faeac208cc [0x000001faeac201c0+0x000000000000070c]
j  org.gradle.cache.ManualEvictionInMemoryCache.get(Ljava/lang/Object;Ljava/util/function/Function;)Ljava/lang/Object;+6
j  org.gradle.cache.internal.DefaultCrossBuildInMemoryCacheFactory$CrossBuildCacheRetainingDataFromPreviousBuild.get(Ljava/lang/Object;Ljava/util/function/Function;)Ljava/lang/Object;+6
j  org.gradle.cache.Cache.get(Ljava/lang/Object;Ljava/util/function/Supplier;)Ljava/lang/Object;+8
J 64784 c2 org.gradle.internal.execution.steps.IdentityCacheStep$$Lambda+0x0000000800a8f958.get()Ljava/lang/Object; (24 bytes) @ 0x000001faeb0c9dec [0x000001faeb0c9d20+0x00000000000000cc]
J 63571 c2 org.gradle.internal.Deferrable$3.completeAndGet()Ljava/lang/Object; (46 bytes) @ 0x000001fae979cb74 [0x000001fae979caa0+0x00000000000000d4]
j  org.gradle.internal.Deferrable$1.completeAndGet()Ljava/lang/Object;+5
j  org.gradle.internal.Deferrable$1.completeAndGet()Ljava/lang/Object;+5
j  org.gradle.internal.Deferrable.lambda$flatMap$0(Ljava/util/function/Function;)Ljava/lang/Object;+2
j  org.gradle.internal.Deferrable$$Lambda+0x0000000800a95028.get()Ljava/lang/Object;+8
J 63571 c2 org.gradle.internal.Deferrable$3.completeAndGet()Ljava/lang/Object; (46 bytes) @ 0x000001fae979cb74 [0x000001fae979caa0+0x00000000000000d4]
j  org.gradle.api.internal.artifacts.transform.TransformingAsyncArtifactListener$TransformedArtifact.finalizeValue()Lorg/gradle/internal/Try;+139
J 64820 c2 org.gradle.internal.operations.DefaultBuildOperationExecutor$$Lambda+0x0000000800a82000.execute(Lorg/gradle/internal/operations/BuildOperation;Lorg/gradle/internal/operations/BuildOperationContext;)V (11 bytes) @ 0x000001faeb0dfa5c [0x000001faeb0df9e0+0x000000000000007c]
J 77189 c2 org.gradle.internal.operations.DefaultBuildOperationRunner$2.execute(Lorg/gradle/internal/operations/BuildOperationDescriptor;Lorg/gradle/internal/operations/BuildOperationState;Lorg/gradle/internal/operations/BuildOperationState;Lorg/gradle/internal/operations/DefaultBuildOperationRunner$ReadableBuildOperationContext;Lorg/gradle/internal/operations/DefaultBuildOperationRunner$BuildOperationExecutionListener;)Ljava/lang/Object; (12 bytes) @ 0x000001fae9c09d24 [0x000001fae9c09c80+0x00000000000000a4]
J 35327 c2 org.gradle.internal.operations.DefaultBuildOperationRunner.execute(Lorg/gradle/internal/operations/BuildOperationDescriptor$Builder;Lorg/gradle/internal/operations/BuildOperationState;Lorg/gradle/internal/operations/DefaultBuildOperationRunner$BuildOperationExecution;)Ljava/lang/Object; (147 bytes) @ 0x000001faeac08354 [0x000001faeac07b80+0x00000000000007d4]
J 25894 c2 org.gradle.internal.operations.DefaultBuildOperationRunner.execute(Lorg/gradle/internal/operations/BuildOperation;Lorg/gradle/internal/operations/BuildOperationWorker;Lorg/gradle/internal/operations/BuildOperationState;)V (23 bytes) @ 0x000001faea37911c [0x000001faea379040+0x00000000000000dc]
J 48111 c1 org.gradle.internal.operations.DefaultBuildOperationQueue$WorkerRunnable.doRunBatch(Lorg/gradle/internal/operations/BuildOperation;)I (44 bytes) @ 0x000001fae1b3627c [0x000001fae1b36020+0x000000000000025c]
J 63353 c1 org.gradle.internal.operations.DefaultBuildOperationQueue$WorkerRunnable$$Lambda+0x0000000800a9b018.create()Ljava/lang/Object; (12 bytes) @ 0x000001fae0f0b7b4 [0x000001fae0f0b6e0+0x00000000000000d4]
J 66054 c1 org.gradle.internal.resources.AbstractResourceLockRegistry.whileDisallowingLockChanges(Lorg/gradle/internal/Factory;)Ljava/lang/Object; (44 bytes) @ 0x000001fae4e9d9fc [0x000001fae4e9d860+0x000000000000019c]
J 62908 c1 org.gradle.internal.operations.DefaultBuildOperationQueue$WorkerRunnable.lambda$runBatch$1(Lorg/gradle/internal/operations/BuildOperation;)Ljava/lang/Integer; (42 bytes) @ 0x000001fae548420c [0x000001fae5483840+0x00000000000009cc]
J 62909 c1 org.gradle.internal.operations.DefaultBuildOperationQueue$WorkerRunnable$$Lambda+0x00000008008277a0.create()Ljava/lang/Object; (12 bytes) @ 0x000001fae5484d54 [0x000001fae5484cc0+0x0000000000000094]
J 62251 c1 org.gradle.internal.work.DefaultWorkerLeaseService.runAsWorkerThread(Lorg/gradle/internal/Factory;)Ljava/lang/Object; (37 bytes) @ 0x000001fae52fe50c [0x000001fae52fe1e0+0x000000000000032c]
J 39451 c1 org.gradle.internal.operations.DefaultBuildOperationQueue$WorkerRunnable.run()V (48 bytes) @ 0x000001fae23e0194 [0x000001fae23dfc40+0x0000000000000554]
J 51347 c1 org.gradle.internal.operations.DefaultBuildOperationExecutor.executeInParallel(ZLorg/gradle/internal/operations/BuildOperationQueue$QueueWorker;Lorg/gradle/api/Action;Lorg/gradle/internal/operations/BuildOperationConstraint;)V (172 bytes) @ 0x000001fae4d09ec4 [0x000001fae4d08fa0+0x0000000000000f24]
J 51574 c1 org.gradle.internal.operations.DefaultBuildOperationExecutor.runAll(Lorg/gradle/api/Action;Lorg/gradle/internal/operations/BuildOperationConstraint;)V (26 bytes) @ 0x000001fae4d78c74 [0x000001fae4d785c0+0x00000000000006b4]
J 51415 c1 org.gradle.api.internal.artifacts.ivyservice.resolveengine.artifact.ParallelResolveArtifactSet$VisitingSet.visit(Lorg/gradle/api/internal/artifacts/ivyservice/resolveengine/artifact/ArtifactVisitor;)V (28 bytes) @ 0x000001fae4d2335c [0x000001fae4d22fa0+0x00000000000003bc]
J 64053 c1 org.gradle.api.internal.artifacts.ivyservice.resolveengine.artifact.ResolvedArtifactSetResolver$1.run(Lorg/gradle/internal/operations/BuildOperationContext;)V (57 bytes) @ 0x000001fae1df8b04 [0x000001fae1df87c0+0x0000000000000344]
J 47068 c2 org.gradle.internal.operations.DefaultBuildOperationRunner$1.execute(Lorg/gradle/internal/operations/BuildOperation;Lorg/gradle/internal/operations/BuildOperationContext;)V (10 bytes) @ 0x000001fae895f794 [0x000001fae895f720+0x0000000000000074]
J 77189 c2 org.gradle.internal.operations.DefaultBuildOperationRunner$2.execute(Lorg/gradle/internal/operations/BuildOperationDescriptor;Lorg/gradle/internal/operations/BuildOperationState;Lorg/gradle/internal/operations/BuildOperationState;Lorg/gradle/internal/operations/DefaultBuildOperationRunner$ReadableBuildOperationContext;Lorg/gradle/internal/operations/DefaultBuildOperationRunner$BuildOperationExecutionListener;)Ljava/lang/Object; (12 bytes) @ 0x000001fae9c09d24 [0x000001fae9c09c80+0x00000000000000a4]
J 35327 c2 org.gradle.internal.operations.DefaultBuildOperationRunner.execute(Lorg/gradle/internal/operations/BuildOperationDescriptor$Builder;Lorg/gradle/internal/operations/BuildOperationState;Lorg/gradle/internal/operations/DefaultBuildOperationRunner$BuildOperationExecution;)Ljava/lang/Object; (147 bytes) @ 0x000001faeac08354 [0x000001faeac07b80+0x00000000000007d4]
J 25894 c2 org.gradle.internal.operations.DefaultBuildOperationRunner.execute(Lorg/gradle/internal/operations/BuildOperation;Lorg/gradle/internal/operations/BuildOperationWorker;Lorg/gradle/internal/operations/BuildOperationState;)V (23 bytes) @ 0x000001faea37911c [0x000001faea379040+0x00000000000000dc]
J 64051 c1 org.gradle.api.internal.artifacts.ivyservice.resolveengine.artifact.ResolvedArtifactSetResolver.visitArtifacts(Lorg/gradle/api/internal/artifacts/ivyservice/resolveengine/artifact/ResolvedArtifactSet;Lorg/gradle/api/internal/artifacts/ivyservice/resolveengine/artifact/ArtifactVisitor;Lorg/gradle/api/internal/artifacts/configurations/ResolutionHost;)V (21 bytes) @ 0x000001fae0e06514 [0x000001fae0e05f20+0x00000000000005f4]
J 64049 c1 org.gradle.api.internal.artifacts.ivyservice.resolveengine.artifact.ResolvedArtifactSetResolver$$Lambda+0x0000000801355208.run()V (20 bytes) @ 0x000001fae20dfc34 [0x000001fae20dfb40+0x00000000000000f4]
J 64048 c1 org.gradle.internal.work.DefaultWorkerLeaseService.runAsUnmanagedWorkerThread(Ljava/lang/Runnable;)V (42 bytes) @ 0x000001fae28f92ac [0x000001fae28f8f80+0x000000000000032c]
J 62269 c1 org.gradle.api.internal.artifacts.ivyservice.resolveengine.artifact.ResolvedArtifactSetResolver.visitInUnmanagedWorkerThread(Lorg/gradle/api/internal/artifacts/ivyservice/resolveengine/artifact/ResolvedArtifactSet;Lorg/gradle/api/internal/artifacts/ivyservice/resolveengine/artifact/ArtifactVisitor;Lorg/gradle/api/internal/artifacts/configurations/ResolutionHost;)V (19 bytes) @ 0x000001fae5304f34 [0x000001fae53049c0+0x0000000000000574]
J 62268 c1 org.gradle.api.internal.artifacts.ivyservice.resolveengine.artifact.DefaultSelectedArtifactSet.visitArtifacts(Lorg/gradle/api/internal/artifacts/ivyservice/resolveengine/artifact/ArtifactVisitor;Z)V (54 bytes) @ 0x000001fae5304024 [0x000001fae5303820+0x0000000000000804]
J 66592 c1 org.gradle.api.internal.artifacts.configurations.DefaultArtifactCollection.lambda$new$0(ZLorg/gradle/api/internal/artifacts/configurations/ResolutionHost;)Lorg/gradle/api/internal/artifacts/configurations/DefaultArtifactCollection$ArtifactSetResult; (60 bytes) @ 0x000001fae555d87c [0x000001fae555d440+0x000000000000043c]
J 66591 c1 org.gradle.api.internal.artifacts.configurations.DefaultArtifactCollection$$Lambda+0x00000008008ce730.get()Ljava/lang/Object; (16 bytes) @ 0x000001fae4f6cddc [0x000001fae4f6cd40+0x000000000000009c]
J 51302 c2 org.gradle.internal.model.CalculatedValueContainerFactory$SupplierBackedCalculator.calculateValue(Lorg/gradle/api/internal/tasks/NodeExecutionContext;)Ljava/lang/Object; (10 bytes) @ 0x000001fae913c5f4 [0x000001fae913c5a0+0x0000000000000054]
J 51748 c2 org.gradle.internal.model.CalculatedValueContainer$CalculationState.attachValue(Lorg/gradle/internal/model/CalculatedValueContainer;Lorg/gradle/api/internal/tasks/NodeExecutionContext;)V (57 bytes) @ 0x000001fae906f308 [0x000001fae906f140+0x00000000000001c8]
J 63357 c1 org.gradle.api.internal.artifacts.configurations.DefaultArtifactCollection.ensureResolved()V (10 bytes) @ 0x000001fae0ed7ff4 [0x000001fae0ed7e60+0x0000000000000194]
j  org.gradle.api.internal.artifacts.configurations.DefaultArtifactCollection.iterator()Ljava/util/Iterator;+1
j  com.android.build.gradle.internal.ide.dependencies.ArtifactUtils.resolveArtifacts(Lorg/gradle/api/artifacts/ArtifactCollection;Lorg/gradle/api/artifacts/ArtifactCollection;Lorg/gradle/api/artifacts/ArtifactCollection;ZLkotlin/jvm/functions/Function1;)Ljava/util/Set;+30
j  com.android.build.gradle.internal.ide.dependencies.ArtifactUtils.resolveArtifacts$default(Lorg/gradle/api/artifacts/ArtifactCollection;Lorg/gradle/api/artifacts/ArtifactCollection;Lorg/gradle/api/artifacts/ArtifactCollection;ZLkotlin/jvm/functions/Function1;ILjava/lang/Object;)Ljava/util/Set;+32
j  com.android.build.gradle.internal.ide.dependencies.ArtifactUtils.getArtifactsForModelBuilder(Lcom/android/build/gradle/internal/component/ComponentCreationConfig;Lcom/android/build/gradle/internal/publishing/AndroidArtifacts$ConsumedConfigType;Lorg/gradle/api/artifacts/result/ResolvedComponentResult;Lkotlin/jvm/functions/Function1;)Ljava/util/Set;+80
j  com.android.build.gradle.internal.ide.dependencies.ArtifactUtils.getArtifactsForModelBuilder$default(Lcom/android/build/gradle/internal/component/ComponentCreationConfig;Lcom/android/build/gradle/internal/publishing/AndroidArtifacts$ConsumedConfigType;Lorg/gradle/api/artifacts/result/ResolvedComponentResult;Lkotlin/jvm/functions/Function1;ILjava/lang/Object;)Ljava/util/Set;+28
j  com.android.build.gradle.internal.ide.v2.ModelBuilder$getGraphBuilder$1.invoke(Lcom/android/build/gradle/internal/publishing/AndroidArtifacts$ConsumedConfigType;Lorg/gradle/api/artifacts/result/ResolvedComponentResult;)Ljava/util/Set;+22
j  com.android.build.gradle.internal.ide.v2.ModelBuilder$getGraphBuilder$1.invoke(Ljava/lang/Object;Ljava/lang/Object;)Ljava/lang/Object;+9
j  com.android.build.gradle.internal.ide.dependencies.FullDependencyGraphBuilder.buildGraph(Lcom/android/build/gradle/internal/publishing/AndroidArtifacts$ConsumedConfigType;Z)Lcom/android/build/gradle/internal/ide/dependencies/Graph;+34
j  com.android.build.gradle.internal.ide.dependencies.FullDependencyGraphBuilder.buildWithAdjacencyList()Lcom/android/build/gradle/internal/ide/v2/ArtifactDependenciesAdjacencyListImpl;+12
j  com.android.build.gradle.internal.ide.v2.ModelBuilder.createDependenciesWithAdjacencyList(Lcom/android/build/gradle/internal/component/ComponentCreationConfig;Lcom/android/build/gradle/internal/ide/dependencies/LibraryService;Lcom/android/build/gradle/internal/ide/dependencies/GraphEdgeCache;Z)Lcom/android/builder/model/v2/ide/ArtifactDependenciesAdjacencyList;+9
j  com.android.build.gradle.internal.ide.v2.ModelBuilder.buildVariantDependenciesModel(Lorg/gradle/api/Project;Lcom/android/builder/model/v2/models/ModelBuilderParameter;Z)Ljava/io/Serializable;+392
j  com.android.build.gradle.internal.ide.v2.ModelBuilder.buildAll(Ljava/lang/String;Lcom/android/builder/model/v2/models/ModelBuilderParameter;Lorg/gradle/api/Project;)Ljava/lang/Object;+68
j  com.android.build.gradle.internal.ide.v2.ModelBuilder.buildAll(Ljava/lang/String;Ljava/lang/Object;Lorg/gradle/api/Project;)Ljava/lang/Object;+7
J 70194 c1 org.gradle.tooling.provider.model.internal.DefaultToolingModelBuilderRegistry$BuilderWithParameter.build(Ljava/lang/Object;)Ljava/lang/Object; (44 bytes) @ 0x000001fae33b02d4 [0x000001fae33b0060+0x0000000000000274]
J 73323 c1 org.gradle.tooling.provider.model.internal.DefaultToolingModelBuilderRegistry$UserCodeAssigningBuilder.lambda$build$0(Ljava/lang/Object;)Ljava/lang/Object; (11 bytes) @ 0x000001fae1d3fed4 [0x000001fae1d3fdc0+0x0000000000000114]
J 71906 c2 org.gradle.internal.code.DefaultUserCodeApplicationContext$CurrentApplication.reapply(Ljava/util/function/Supplier;)Ljava/lang/Object; (61 bytes) @ 0x000001faeb7bb0b8 [0x000001faeb7ba780+0x0000000000000938]
J 70176 c1 org.gradle.tooling.provider.model.internal.DefaultToolingModelBuilderRegistry$UserCodeAssigningBuilder.build(Ljava/lang/Object;)Ljava/lang/Object; (17 bytes) @ 0x000001fae2b30584 [0x000001fae2b300a0+0x00000000000004e4]
J 71967 c1 org.gradle.tooling.provider.model.internal.DefaultToolingModelBuilderRegistry$LockSingleProjectBuilder$$Lambda+0x0000000801fcb4e0.apply(Ljava/lang/Object;)Ljava/lang/Object; (16 bytes) @ 0x000001fae4f9154c [0x000001fae4f912e0+0x000000000000026c]
J 62027 c1 org.gradle.api.internal.project.DefaultProjectStateRegistry$ProjectStateImpl$$Lambda+0x0000000800894758.create()Ljava/lang/Object; (12 bytes) @ 0x000001fae2c4134c [0x000001fae2c41100+0x000000000000024c]
J 62084 c1 org.gradle.internal.work.DefaultWorkerLeaseService.withReplacedLocks(Ljava/util/Collection;Lorg/gradle/internal/resources/ResourceLock;Lorg/gradle/internal/Factory;)Ljava/lang/Object; (77 bytes) @ 0x000001fae52a363c [0x000001fae52a2d80+0x00000000000008bc]
J 51169 c1 org.gradle.api.internal.project.DefaultProjectStateRegistry$ProjectStateImpl.fromMutableState(Ljava/util/function/Function;)Ljava/lang/Object; (138 bytes) @ 0x000001fae4cc317c [0x000001fae4cc1f60+0x000000000000121c]
J 71966 c1 org.gradle.tooling.provider.model.internal.DefaultToolingModelBuilderRegistry$LockSingleProjectBuilder.build(Ljava/lang/Object;)Ljava/lang/Object; (17 bytes) @ 0x000001fae3d3d104 [0x000001fae3d3cc20+0x00000000000004e4]
J 71964 c1 org.gradle.tooling.provider.model.internal.DefaultToolingModelBuilderRegistry$BuildOperationWrappingBuilder$1.call(Lorg/gradle/internal/operations/BuildOperationContext;)Ljava/lang/Object; (17 bytes) @ 0x000001fae3f6f6e4 [0x000001fae3f6f5c0+0x0000000000000124]
J 23391 c2 org.gradle.internal.operations.DefaultBuildOperationRunner$CallableBuildOperationWorker.execute(Lorg/gradle/internal/operations/BuildOperation;Lorg/gradle/internal/operations/BuildOperationContext;)V (10 bytes) @ 0x000001faea0ac210 [0x000001faea0ac0c0+0x0000000000000150]
J 77189 c2 org.gradle.internal.operations.DefaultBuildOperationRunner$2.execute(Lorg/gradle/internal/operations/BuildOperationDescriptor;Lorg/gradle/internal/operations/BuildOperationState;Lorg/gradle/internal/operations/BuildOperationState;Lorg/gradle/internal/operations/DefaultBuildOperationRunner$ReadableBuildOperationContext;Lorg/gradle/internal/operations/DefaultBuildOperationRunner$BuildOperationExecutionListener;)Ljava/lang/Object; (12 bytes) @ 0x000001fae9c09d24 [0x000001fae9c09c80+0x00000000000000a4]
J 35327 c2 org.gradle.internal.operations.DefaultBuildOperationRunner.execute(Lorg/gradle/internal/operations/BuildOperationDescriptor$Builder;Lorg/gradle/internal/operations/BuildOperationState;Lorg/gradle/internal/operations/DefaultBuildOperationRunner$BuildOperationExecution;)Ljava/lang/Object; (147 bytes) @ 0x000001faeac08354 [0x000001faeac07b80+0x00000000000007d4]
J 64492 c2 org.gradle.internal.operations.DefaultBuildOperationRunner.call(Lorg/gradle/internal/operations/CallableBuildOperation;)Ljava/lang/Object; (24 bytes) @ 0x000001faeb052264 [0x000001faeb052080+0x00000000000001e4]
J 71960 c1 org.gradle.tooling.provider.model.internal.DefaultToolingModelBuilderRegistry$BuildOperationWrappingBuilder.build(Ljava/lang/Object;)Ljava/lang/Object; (19 bytes) @ 0x000001fae4eb1fdc [0x000001fae4eb1de0+0x00000000000001fc]
J 70303 c1 org.gradle.internal.build.DefaultBuildToolingModelController$AbstractToolingScope.getModel(Ljava/lang/String;Lorg/gradle/tooling/provider/model/internal/ToolingModelParameterCarrier;)Ljava/lang/Object; (52 bytes) @ 0x000001fae37693d4 [0x000001fae3769040+0x0000000000000394]
J 73327 c1 org.gradle.tooling.internal.provider.runner.DefaultBuildController.getModel(Ljava/lang/Object;Lorg/gradle/tooling/internal/protocol/ModelIdentifier;Ljava/lang/Object;)Lorg/gradle/tooling/internal/protocol/BuildResult; (138 bytes) @ 0x000001fae4f28bec [0x000001fae4f27340+0x00000000000018ac]
J 70290 c1 org.gradle.tooling.internal.consumer.connection.UnparameterizedBuildController.getModel(Lorg/gradle/tooling/model/Model;Ljava/lang/Class;Ljava/lang/Class;Lorg/gradle/api/Action;)Ljava/lang/Object; (111 bytes) @ 0x000001fae36604f4 [0x000001fae365fdc0+0x0000000000000734]
J 66285 c1 org.gradle.tooling.internal.consumer.connection.NestedActionAwareBuildControllerAdapter.getModel(Lorg/gradle/tooling/model/Model;Ljava/lang/Class;Ljava/lang/Class;Lorg/gradle/api/Action;)Ljava/lang/Object; (10 bytes) @ 0x000001fae2ddd7bc [0x000001fae2ddd740+0x000000000000007c]
J 66305 c1 org.gradle.tooling.internal.consumer.connection.UnparameterizedBuildController.findModel(Lorg/gradle/tooling/model/Model;Ljava/lang/Class;Ljava/lang/Class;Lorg/gradle/api/Action;)Ljava/lang/Object; (14 bytes) @ 0x000001fae3e4b0c4 [0x000001fae3e4afc0+0x0000000000000104]
J 66304 c1 org.gradle.tooling.internal.consumer.connection.NestedActionAwareBuildControllerAdapter.findModel(Lorg/gradle/tooling/model/Model;Ljava/lang/Class;Ljava/lang/Class;Lorg/gradle/api/Action;)Ljava/lang/Object; (10 bytes) @ 0x000001fae2debcbc [0x000001fae2debc40+0x000000000000007c]
j  org.jetbrains.plugins.gradle.model.DefaultBuildController.findModel(Lorg/gradle/tooling/model/Model;Ljava/lang/Class;Ljava/lang/Class;Lorg/gradle/api/Action;)Ljava/lang/Object;+26
j  com.android.tools.idea.gradle.project.sync.SyncActionRunnerKt$toMeasuringController$1.findModel$lambda$7(Lorg/gradle/tooling/BuildController;Lorg/gradle/tooling/model/Model;Ljava/lang/Class;Ljava/lang/Class;Lorg/gradle/api/Action;)Ljava/lang/Object;+6
j  com.android.tools.idea.gradle.project.sync.SyncActionRunnerKt$toMeasuringController$1$$Lambda+0x000000080211f3d8.invoke()Ljava/lang/Object;+20
j  com.android.tools.idea.projectsystem.gradle.sync.Counter.invoke(Lkotlin/jvm/functions/Function0;)Ljava/lang/Object;+22
j  com.android.tools.idea.gradle.project.sync.SyncActionRunnerKt.measure(Lcom/android/tools/idea/gradle/project/sync/SyncCounters;Ljava/lang/Class;Lkotlin/jvm/functions/Function0;)Ljava/lang/Object;+432
j  com.android.tools.idea.gradle.project.sync.SyncActionRunnerKt.access$measure(Lcom/android/tools/idea/gradle/project/sync/SyncCounters;Ljava/lang/Class;Lkotlin/jvm/functions/Function0;)Ljava/lang/Object;+3
j  com.android.tools.idea.gradle.project.sync.SyncActionRunnerKt$toMeasuringController$1.findModel(Lorg/gradle/tooling/model/Model;Ljava/lang/Class;Ljava/lang/Class;Lorg/gradle/api/Action;)Ljava/lang/Object;+38
j  com.android.tools.idea.gradle.project.sync.ActionToRun$toSafeController$1.findModel(Lorg/gradle/tooling/model/Model;Ljava/lang/Class;Ljava/lang/Class;Lorg/gradle/api/Action;)Ljava/lang/Object;+36
j  com.android.tools.idea.gradle.project.sync.ModelFetchersKt.findVariantDependenciesV2Model$findModel(Lorg/gradle/tooling/BuildController;Lorg/gradle/tooling/model/gradle/BasicGradleProject;Ljava/lang/String;Ljava/lang/Class;Lkotlin/jvm/functions/Function1;)Ljava/lang/Object;+22
j  com.android.tools.idea.gradle.project.sync.ModelFetchersKt.findVariantDependenciesV2Model(Lorg/gradle/tooling/BuildController;Lorg/gradle/tooling/model/gradle/BasicGradleProject;Lcom/android/tools/idea/gradle/project/sync/ModelVersions;Ljava/lang/String;ZLkotlin/jvm/functions/Function1;)Lcom/android/tools/idea/gradle/project/sync/VariantDependenciesCompat;+96
j  com.android.tools.idea.gradle.project.sync.AndroidProjectResultKt.v2VariantFetcher$lambda$2(Ljava/util/List;Lcom/android/tools/idea/gradle/project/sync/ModelVersions;ZLcom/android/tools/idea/gradle/project/sync/AndroidProjectResult$Companion$RuntimeClasspathBehaviour;Lcom/android/tools/idea/gradle/project/sync/ModelCache$V2;Lorg/gradle/tooling/BuildController;Lcom/android/tools/idea/gradle/project/sync/AndroidProjectPathResolver;Lcom/android/tools/idea/gradle/project/sync/AndroidModule;Lcom/android/tools/idea/gradle/project/sync/ModuleConfiguration;)Lcom/android/tools/idea/gradle/project/sync/ModelResult;+126
j  com.android.tools.idea.gradle.project.sync.AndroidProjectResultKt$$Lambda+0x000000080211c0d8.invoke(Ljava/lang/Object;Ljava/lang/Object;Ljava/lang/Object;Ljava/lang/Object;)Ljava/lang/Object;+37
j  com.android.tools.idea.gradle.project.sync.VariantDiscovery.toFetchVariantDependenciesAction$lambda$38$lambda$36(Lcom/android/tools/idea/gradle/project/sync/AndroidModule;Lorg/gradle/tooling/BuildController;Lcom/android/tools/idea/gradle/project/sync/VariantDiscovery;Lcom/android/tools/idea/gradle/project/sync/ModuleConfiguration;Lcom/android/tools/idea/gradle/project/sync/ModelResult$Context;)Lcom/android/tools/idea/gradle/project/sync/SyncVariantResult;+24
j  com.android.tools.idea.gradle.project.sync.VariantDiscovery$$Lambda+0x0000000802121cf8.invoke(Ljava/lang/Object;)Ljava/lang/Object;+20
j  com.android.tools.idea.gradle.project.sync.ModelResult$Companion.create(Lkotlin/jvm/functions/Function1;)Lcom/android/tools/idea/gradle/project/sync/ModelResult;+34
j  com.android.tools.idea.gradle.project.sync.VariantDiscovery.toFetchVariantDependenciesAction$lambda$38(Lcom/android/tools/idea/gradle/project/sync/VariantDiscovery;Lcom/android/tools/idea/gradle/project/sync/ModuleConfiguration;Lcom/android/tools/idea/gradle/project/sync/AndroidModule;Lorg/gradle/tooling/BuildController;)Lcom/android/tools/idea/gradle/project/sync/FetchedVariantResult;+48
j  com.android.tools.idea.gradle.project.sync.VariantDiscovery$$Lambda+0x0000000802121218.invoke(Ljava/lang/Object;)Ljava/lang/Object;+16
j  com.android.tools.idea.gradle.project.sync.ActionToRun.map$lambda$0(Lkotlin/jvm/functions/Function1;Lcom/android/tools/idea/gradle/project/sync/ActionToRun;Lorg/gradle/tooling/BuildController;)Ljava/lang/Object;+12
j  com.android.tools.idea.gradle.project.sync.ActionToRun$$Lambda+0x0000000802121688.invoke(Ljava/lang/Object;)Ljava/lang/Object;+12
j  com.android.tools.idea.gradle.project.sync.ActionToRun.run$intellij_android_projectSystem_gradle_sync(Lorg/gradle/tooling/BuildController;)Ljava/lang/Object;+15
j  com.android.tools.idea.gradle.project.sync.SyncActionRunner.runActions$lambda$0(Ljava/util/List;Lcom/android/tools/idea/gradle/project/sync/SyncActionRunner;Lorg/gradle/tooling/BuildController;)Ljava/lang/Object;+25
j  com.android.tools.idea.gradle.project.sync.SyncActionRunner$$Lambda+0x000000080211eb20.invoke(Ljava/lang/Object;)Ljava/lang/Object;+12
j  com.android.tools.idea.gradle.project.sync.SyncActionRunner.runAction(Lkotlin/jvm/functions/Function1;)Ljava/lang/Object;+12
j  com.android.tools.idea.gradle.project.sync.SyncActionRunner.runActions(Ljava/util/List;)Ljava/util/List;+50
j  com.android.tools.idea.gradle.project.sync.VariantDiscovery.discoverVariantsAndSync(Z)V+437
j  com.android.tools.idea.gradle.project.sync.SyncProjectActionWorker.populateAndroidModels$lambda$3(Lcom/android/tools/idea/gradle/project/sync/SyncProjectActionWorker;ZLjava/util/Map;)Lkotlin/Unit;+55
j  com.android.tools.idea.gradle.project.sync.SyncProjectActionWorker$$Lambda+0x000000080211c9a0.invoke()Ljava/lang/Object;+12
j  com.android.tools.idea.projectsystem.gradle.sync.Counter.invoke(Lkotlin/jvm/functions/Function0;)Ljava/lang/Object;+22
j  com.android.tools.idea.gradle.project.sync.SyncProjectActionWorker.populateAndroidModels(Ljava/util/List;Z)Ljava/util/List;+354
j  com.android.tools.idea.gradle.project.sync.AndroidExtraModelProviderWorker.populateBuildModels()V+574
j  com.android.tools.idea.gradle.project.sync.AndroidExtraModelProviderImpl.populateBuildModels(Lorg/gradle/tooling/BuildController;Lorg/gradle/tooling/model/gradle/GradleBuild;Lorg/jetbrains/plugins/gradle/model/ProjectImportModelProvider$GradleModelConsumer;)V+250
j  com.android.tools.idea.gradle.project.sync.AndroidExtraModelProvider.populateModels(Lorg/gradle/tooling/BuildController;Ljava/util/Collection;Lorg/jetbrains/plugins/gradle/model/ProjectImportModelProvider$GradleModelConsumer;)V+111
j  com.intellij.gradle.toolingExtension.impl.modelAction.GradleModelFetchAction.lambda$populateModels$14(Lorg/jetbrains/plugins/gradle/model/ProjectImportModelProvider;Lorg/gradle/tooling/BuildController;Ljava/util/Collection;Lorg/jetbrains/plugins/gradle/model/ProjectImportModelProvider$GradleModelConsumer;Lio/opentelemetry/api/trace/Span;)V+18
j  com.intellij.gradle.toolingExtension.impl.modelAction.GradleModelFetchAction$$Lambda+0x0000000801ffd8a0.accept(Ljava/lang/Object;)V+20
J 63468 c1 com.intellij.gradle.toolingExtension.impl.telemetry.GradleOpenTelemetry$$Lambda+0x0000000801ff6f30.apply(Ljava/lang/Object;)Ljava/lang/Object; (12 bytes) @ 0x000001fae0f8e1ac [0x000001fae0f8df60+0x000000000000024c]
J 61774 c1 com.intellij.gradle.toolingExtension.impl.telemetry.GradleOpenTelemetry.callWithSpan(Ljava/lang/String;Ljava/util/function/Consumer;Ljava/util/function/Function;)Ljava/lang/Object; (163 bytes) @ 0x000001fae5254e7c [0x000001fae5253220+0x0000000000001c5c]
J 63466 c1 com.intellij.gradle.toolingExtension.impl.telemetry.GradleOpenTelemetry.runWithSpan(Ljava/lang/String;Ljava/util/function/Consumer;)V (31 bytes) @ 0x000001fae0e5785c [0x000001fae0e57100+0x000000000000075c]
j  com.intellij.gradle.toolingExtension.impl.modelAction.GradleModelFetchAction.lambda$populateModels$15(Ljava/util/Collection;Ljava/util/Collection;Lcom/intellij/gradle/toolingExtension/impl/telemetry/GradleOpenTelemetry;Lorg/gradle/tooling/BuildController;Lorg/jetbrains/plugins/gradle/model/ProjectImportModelProvider$GradleModelConsumer;Lio/opentelemetry/api/trace/Span;)V+235
j  com.intellij.gradle.toolingExtension.impl.modelAction.GradleModelFetchAction$$Lambda+0x0000000801ff7188.accept(Ljava/lang/Object;)V+24
J 63468 c1 com.intellij.gradle.toolingExtension.impl.telemetry.GradleOpenTelemetry$$Lambda+0x0000000801ff6f30.apply(Ljava/lang/Object;)Ljava/lang/Object; (12 bytes) @ 0x000001fae0f8e1ac [0x000001fae0f8df60+0x000000000000024c]
J 61774 c1 com.intellij.gradle.toolingExtension.impl.telemetry.GradleOpenTelemetry.callWithSpan(Ljava/lang/String;Ljava/util/function/Consumer;Ljava/util/function/Function;)Ljava/lang/Object; (163 bytes) @ 0x000001fae5254e7c [0x000001fae5253220+0x0000000000001c5c]
J 63466 c1 com.intellij.gradle.toolingExtension.impl.telemetry.GradleOpenTelemetry.runWithSpan(Ljava/lang/String;Ljava/util/function/Consumer;)V (31 bytes) @ 0x000001fae0e5785c [0x000001fae0e57100+0x000000000000075c]
j  com.intellij.gradle.toolingExtension.impl.modelAction.GradleModelFetchAction.populateModels(Lorg/gradle/tooling/BuildController;Lcom/intellij/gradle/toolingExtension/impl/telemetry/GradleOpenTelemetry;Lorg/jetbrains/plugins/gradle/model/ProjectImportModelProvider$GradleModelConsumer;Ljava/util/Collection;Ljava/util/Collection;)V+61
j  com.intellij.gradle.toolingExtension.impl.modelAction.GradleModelFetchAction.lambda$executeAction$10(Lcom/intellij/gradle/toolingExtension/modelAction/GradleModelFetchPhase;Lorg/gradle/tooling/BuildController;Lcom/intellij/gradle/toolingExtension/impl/telemetry/GradleOpenTelemetry;Lorg/jetbrains/plugins/gradle/model/ProjectImportModelProvider$GradleModelConsumer;Ljava/util/Collection;Lcom/intellij/gradle/toolingExtension/impl/modelAction/GradleDaemonModelHolder;Lio/opentelemetry/api/trace/Span;)V+26
j  com.intellij.gradle.toolingExtension.impl.modelAction.GradleModelFetchAction$$Lambda+0x0000000801ff6ce8.accept(Ljava/lang/Object;)V+32
J 63468 c1 com.intellij.gradle.toolingExtension.impl.telemetry.GradleOpenTelemetry$$Lambda+0x0000000801ff6f30.apply(Ljava/lang/Object;)Ljava/lang/Object; (12 bytes) @ 0x000001fae0f8e1ac [0x000001fae0f8df60+0x000000000000024c]
J 61774 c1 com.intellij.gradle.toolingExtension.impl.telemetry.GradleOpenTelemetry.callWithSpan(Ljava/lang/String;Ljava/util/function/Consumer;Ljava/util/function/Function;)Ljava/lang/Object; (163 bytes) @ 0x000001fae5254e7c [0x000001fae5253220+0x0000000000001c5c]
J 63466 c1 com.intellij.gradle.toolingExtension.impl.telemetry.GradleOpenTelemetry.runWithSpan(Ljava/lang/String;Ljava/util/function/Consumer;)V (31 bytes) @ 0x000001fae0e5785c [0x000001fae0e57100+0x000000000000075c]
j  com.intellij.gradle.toolingExtension.impl.modelAction.GradleModelFetchAction.lambda$executeAction$11(Lcom/intellij/gradle/toolingExtension/impl/telemetry/GradleOpenTelemetry;Lorg/gradle/tooling/BuildController;Lorg/jetbrains/plugins/gradle/model/ProjectImportModelProvider$GradleModelConsumer;Ljava/util/Collection;Lcom/intellij/gradle/toolingExtension/impl/modelAction/GradleDaemonModelHolder;Lcom/intellij/gradle/toolingExtension/modelAction/GradleModelFetchPhase;)V+21
j  com.intellij.gradle.toolingExtension.impl.modelAction.GradleModelFetchAction$$Lambda+0x0000000801ff6390.accept(Ljava/lang/Object;)V+28
J 14570 c2 java.lang.Iterable.forEach(Ljava/util/function/Consumer;)V java.base@21.0.6 (39 bytes) @ 0x000001fae91b7478 [0x000001fae91b73c0+0x00000000000000b8]
j  com.intellij.gradle.toolingExtension.impl.modelAction.GradleModelFetchAction.executeAction(Lorg/gradle/tooling/BuildController;Ljava/util/concurrent/ExecutorService;Lcom/intellij/gradle/toolingExtension/impl/telemetry/GradleOpenTelemetry;Lcom/intellij/gradle/toolingExtension/impl/modelAction/GradleDaemonModelHolder;)V+79
j  com.intellij.gradle.toolingExtension.impl.modelAction.GradleModelFetchAction.doExecute(Lorg/gradle/tooling/BuildController;Ljava/util/concurrent/ExecutorService;Lcom/intellij/gradle/toolingExtension/impl/telemetry/GradleOpenTelemetry;)Lcom/intellij/gradle/toolingExtension/impl/modelAction/GradleModelHolderState;+103
j  com.intellij.gradle.toolingExtension.impl.modelAction.GradleModelFetchAction.lambda$execute$1(Lorg/gradle/tooling/BuildController;Ljava/util/concurrent/ExecutorService;Lcom/intellij/gradle/toolingExtension/impl/telemetry/GradleOpenTelemetry;Lio/opentelemetry/api/trace/Span;)Lcom/intellij/gradle/toolingExtension/impl/modelAction/GradleModelHolderState;+4
j  com.intellij.gradle.toolingExtension.impl.modelAction.GradleModelFetchAction$$Lambda+0x000000080180f878.apply(Ljava/lang/Object;)Ljava/lang/Object;+20
J 61774 c1 com.intellij.gradle.toolingExtension.impl.telemetry.GradleOpenTelemetry.callWithSpan(Ljava/lang/String;Ljava/util/function/Consumer;Ljava/util/function/Function;)Ljava/lang/Object; (163 bytes) @ 0x000001fae5254e7c [0x000001fae5253220+0x0000000000001c5c]
J 61773 c1 com.intellij.gradle.toolingExtension.impl.telemetry.GradleOpenTelemetry.callWithSpan(Ljava/lang/String;Ljava/util/function/Function;)Ljava/lang/Object; (28 bytes) @ 0x000001fae3a21ba4 [0x000001fae3a21900+0x00000000000002a4]
j  com.intellij.gradle.toolingExtension.impl.modelAction.GradleModelFetchAction.lambda$execute$2(Lorg/gradle/tooling/BuildController;Ljava/util/concurrent/ExecutorService;Lcom/intellij/gradle/toolingExtension/impl/telemetry/GradleOpenTelemetry;)Lcom/intellij/gradle/toolingExtension/impl/modelAction/GradleModelHolderState;+13
j  com.intellij.gradle.toolingExtension.impl.modelAction.GradleModelFetchAction$$Lambda+0x000000080180e050.apply(Ljava/lang/Object;)Ljava/lang/Object;+16
j  com.intellij.gradle.toolingExtension.impl.modelAction.GradleModelFetchAction.withOpenTelemetry(Ljava/util/function/Function;)Lcom/intellij/gradle/toolingExtension/impl/modelAction/GradleModelHolderState;+27
j  com.intellij.gradle.toolingExtension.impl.modelAction.GradleModelFetchAction.lambda$execute$3(Lorg/gradle/tooling/BuildController;Ljava/util/concurrent/ExecutorService;)Lcom/intellij/gradle/toolingExtension/impl/modelAction/GradleModelHolderState;+9
j  com.intellij.gradle.toolingExtension.impl.modelAction.GradleModelFetchAction$$Lambda+0x000000080180d9a8.apply(Ljava/lang/Object;)Ljava/lang/Object;+12
j  com.intellij.gradle.toolingExtension.impl.util.GradleExecutorServiceUtil.withSingleThreadExecutor(Ljava/lang/String;Ljava/util/function/Function;)Ljava/lang/Object;+31
j  com.intellij.gradle.toolingExtension.impl.modelAction.GradleModelFetchAction.execute(Lorg/gradle/tooling/BuildController;)Lcom/intellij/gradle/toolingExtension/impl/modelAction/GradleModelHolderState;+22
j  com.intellij.gradle.toolingExtension.impl.modelAction.GradleModelFetchAction.execute(Lorg/gradle/tooling/BuildController;)Ljava/lang/Object;+2
j  org.gradle.tooling.internal.consumer.connection.InternalBuildActionAdapter.execute(Lorg/gradle/tooling/internal/protocol/InternalBuildControllerVersion2;)Ljava/lang/Object;+11
j  org.gradle.tooling.internal.provider.runner.AbstractClientProvidedBuildActionRunner$ActionAdapter.executeAction(Ljava/lang/Object;Lorg/gradle/tooling/internal/provider/runner/DefaultBuildController;)Ljava/lang/Object;+12
j  org.gradle.tooling.internal.provider.runner.AbstractClientProvidedBuildActionRunner$ActionAdapter.runAction(Lorg/gradle/internal/buildtree/BuildTreeModelController;Ljava/lang/Object;Lorg/gradle/tooling/internal/protocol/PhasedActionResult$Phase;)V+29
j  org.gradle.tooling.internal.provider.runner.AbstractClientProvidedBuildActionRunner$ActionAdapter.fromBuildModel(Lorg/gradle/internal/buildtree/BuildTreeModelController;)Lorg/gradle/tooling/internal/provider/serialization/SerializedPayload;+14
j  org.gradle.tooling.internal.provider.runner.AbstractClientProvidedBuildActionRunner$ActionAdapter.fromBuildModel(Lorg/gradle/internal/buildtree/BuildTreeModelController;)Ljava/lang/Object;+2
j  org.gradle.internal.buildtree.DefaultBuildTreeModelCreator.fromBuildModel(Lorg/gradle/internal/buildtree/BuildTreeModelAction;)Ljava/lang/Object;+10
j  org.gradle.internal.buildtree.DefaultBuildTreeLifecycleController.lambda$fromBuildModel$2(Lorg/gradle/internal/buildtree/BuildTreeModelAction;Z)Lorg/gradle/internal/build/ExecutionResult;+57
j  org.gradle.internal.buildtree.DefaultBuildTreeLifecycleController$$Lambda+0x00000008017edc40.get()Ljava/lang/Object;+12
j  org.gradle.internal.buildtree.DefaultBuildTreeLifecycleController.lambda$runBuild$4(Ljava/util/function/Supplier;)Ljava/lang/Object;+1
j  org.gradle.internal.buildtree.DefaultBuildTreeLifecycleController$$Lambda+0x0000000800652448.get()Ljava/lang/Object;+8
j  org.gradle.internal.model.StateTransitionController.lambda$transition$6(Ljava/util/function/Supplier;)Lorg/gradle/internal/build/ExecutionResult;+1
j  org.gradle.internal.model.StateTransitionController$$Lambda+0x00000008006528b8.get()Ljava/lang/Object;+4
j  org.gradle.internal.model.StateTransitionController.doTransition(Lorg/gradle/internal/model/StateTransitionController$State;Lorg/gradle/internal/model/StateTransitionController$State;Ljava/util/function/Supplier;)Lorg/gradle/internal/build/ExecutionResult;+24
j  org.gradle.internal.model.StateTransitionController.lambda$transition$7(Lorg/gradle/internal/model/StateTransitionController$State;Lorg/gradle/internal/model/StateTransitionController$State;Ljava/util/function/Supplier;)Ljava/lang/Object;+9
j  org.gradle.internal.model.StateTransitionController$$Lambda+0x0000000800652680.create()Ljava/lang/Object;+16
J 61765 c1 org.gradle.internal.work.DefaultSynchronizer.withLock(Lorg/gradle/internal/Factory;)Ljava/lang/Object; (29 bytes) @ 0x000001fae3efcb6c [0x000001fae3efca20+0x000000000000014c]
j  org.gradle.internal.model.StateTransitionController.transition(Lorg/gradle/internal/model/StateTransitionController$State;Lorg/gradle/internal/model/StateTransitionController$State;Ljava/util/function/Supplier;)Ljava/lang/Object;+13
j  org.gradle.internal.buildtree.DefaultBuildTreeLifecycleController.runBuild(Ljava/util/function/Supplier;)Ljava/lang/Object;+17
j  org.gradle.internal.buildtree.DefaultBuildTreeLifecycleController.fromBuildModel(ZLorg/gradle/internal/buildtree/BuildTreeModelAction;)Ljava/lang/Object;+9
j  org.gradle.tooling.internal.provider.runner.AbstractClientProvidedBuildActionRunner.runClientAction(Lorg/gradle/tooling/internal/provider/runner/AbstractClientProvidedBuildActionRunner$ClientAction;Lorg/gradle/internal/buildtree/BuildTreeLifecycleController;)Lorg/gradle/internal/buildtree/BuildActionRunner$Result;+22
j  org.gradle.tooling.internal.provider.runner.ClientProvidedPhasedActionRunner.run(Lorg/gradle/internal/invocation/BuildAction;Lorg/gradle/internal/buildtree/BuildTreeLifecycleController;)Lorg/gradle/internal/buildtree/BuildActionRunner$Result;+45
j  org.gradle.launcher.exec.ChainingBuildActionRunner.run(Lorg/gradle/internal/invocation/BuildAction;Lorg/gradle/internal/buildtree/BuildTreeLifecycleController;)Lorg/gradle/internal/buildtree/BuildActionRunner$Result;+34
j  org.gradle.internal.buildtree.ProblemReportingBuildActionRunner.run(Lorg/gradle/internal/invocation/BuildAction;Lorg/gradle/internal/buildtree/BuildTreeLifecycleController;)Lorg/gradle/internal/buildtree/BuildActionRunner$Result;+12
j  org.gradle.launcher.exec.BuildOutcomeReportingBuildActionRunner.run(Lorg/gradle/internal/invocation/BuildAction;Lorg/gradle/internal/buildtree/BuildTreeLifecycleController;)Lorg/gradle/internal/buildtree/BuildActionRunner$Result;+69
j  org.gradle.tooling.internal.provider.FileSystemWatchingBuildActionRunner.run(Lorg/gradle/internal/invocation/BuildAction;Lorg/gradle/internal/buildtree/BuildTreeLifecycleController;)Lorg/gradle/internal/buildtree/BuildActionRunner$Result;+335
j  org.gradle.launcher.exec.BuildCompletionNotifyingBuildActionRunner.run(Lorg/gradle/internal/invocation/BuildAction;Lorg/gradle/internal/buildtree/BuildTreeLifecycleController;)Lorg/gradle/internal/buildtree/BuildActionRunner$Result;+6
j  org.gradle.launcher.exec.RootBuildLifecycleBuildActionExecutor.lambda$execute$0(Lorg/gradle/internal/invocation/BuildAction;Lorg/gradle/internal/buildtree/BuildTreeLifecycleController;)Lorg/gradle/internal/buildtree/BuildActionRunner$Result;+6
j  org.gradle.launcher.exec.RootBuildLifecycleBuildActionExecutor$$Lambda+0x000000080063adb0.apply(Ljava/lang/Object;)Ljava/lang/Object;+12
j  org.gradle.composite.internal.DefaultRootBuildState.run(Ljava/util/function/Function;)Ljava/lang/Object;+87
j  org.gradle.launcher.exec.RootBuildLifecycleBuildActionExecutor.execute(Lorg/gradle/internal/invocation/BuildAction;Lorg/gradle/internal/buildtree/BuildTreeContext;)Lorg/gradle/internal/buildtree/BuildActionRunner$Result;+75 